2024-06-23 23:53:44 [INFO] - FUNCTION TIMER - Function [gen_data] Took 0.6281 sec
2024-06-23 23:53:44 [INFO] - Gen Data Shape: (6000000, 6)
2024-06-23 23:53:44 [INFO] - Feature: ['Part', 'Reticle', 'Prev1Reticle', 'Tool', 'Prev1Tool', 'Prev2Tool']
2024-06-23 23:53:49 [INFO] - df_data_le Shape: (6000000, 6)
2024-06-23 23:53:49 [INFO] - onehot_data Shape: (6000000, 200)
2024-06-23 23:53:49 [INFO] - Batch 0: 0~200000
2024-06-23 23:54:15 [INFO] - FUNCTION TIMER - Function [manhattan] Took 26.0886 sec
2024-06-23 23:54:15 [INFO] - Batch 1: 200000~400000
2024-06-23 23:54:41 [INFO] - FUNCTION TIMER - Function [manhattan] Took 25.9153 sec
2024-06-23 23:54:41 [INFO] - Batch 2: 400000~600000
2024-06-23 23:55:07 [INFO] - FUNCTION TIMER - Function [manhattan] Took 25.5971 sec
2024-06-23 23:55:07 [INFO] - Batch 3: 600000~800000
2024-06-23 23:55:33 [INFO] - FUNCTION TIMER - Function [manhattan] Took 26.1182 sec
2024-06-23 23:55:33 [INFO] - Batch 4: 800000~1000000
2024-06-23 23:55:59 [INFO] - FUNCTION TIMER - Function [manhattan] Took 25.9947 sec
2024-06-23 23:55:59 [INFO] - FUNCTION TIMER - Function [manhattan_method] Took 130.1457 sec
2024-06-23 23:56:06 [INFO] - Batch 0: 0~200000
2024-06-23 23:56:09 [INFO] - FUNCTION TIMER - Function [hamming] Took 3.1994 sec
2024-06-23 23:56:09 [INFO] - Batch 1: 200000~400000
2024-06-23 23:56:12 [INFO] - FUNCTION TIMER - Function [hamming] Took 3.0579 sec
2024-06-23 23:56:12 [INFO] - Batch 2: 400000~600000
2024-06-23 23:56:16 [INFO] - FUNCTION TIMER - Function [hamming] Took 3.1114 sec
2024-06-23 23:56:16 [INFO] - Batch 3: 600000~800000
2024-06-23 23:56:19 [INFO] - FUNCTION TIMER - Function [hamming] Took 3.0461 sec
2024-06-23 23:56:19 [INFO] - Batch 4: 800000~1000000
2024-06-23 23:56:22 [INFO] - FUNCTION TIMER - Function [hamming] Took 3.0580 sec
2024-06-23 23:56:22 [INFO] - FUNCTION TIMER - Function [hamming_method] Took 15.5370 sec
2024-06-23 23:56:22 [INFO] - ===== Cost Time =====
2024-06-23 23:56:22 [INFO] - Function [gen_data], Batch: 0 cost 0.6281
2024-06-23 23:56:22 [INFO] - Function [manhattan], Batch: 0 cost 26.0886
2024-06-23 23:56:22 [INFO] - Function [manhattan], Batch: 1 cost 25.9153
2024-06-23 23:56:22 [INFO] - Function [manhattan], Batch: 2 cost 25.5971
2024-06-23 23:56:22 [INFO] - Function [manhattan], Batch: 3 cost 26.1182
2024-06-23 23:56:22 [INFO] - Function [manhattan], Batch: 4 cost 25.9947
2024-06-23 23:56:22 [INFO] - Avg. [25.8769]
2024-06-23 23:56:22 [INFO] - Function [manhattan_method], Batch: 0 cost 130.1457
2024-06-23 23:56:22 [INFO] - Function [hamming], Batch: 0 cost 3.1994
2024-06-23 23:56:22 [INFO] - Function [hamming], Batch: 1 cost 3.0579
2024-06-23 23:56:22 [INFO] - Function [hamming], Batch: 2 cost 3.1114
2024-06-23 23:56:22 [INFO] - Function [hamming], Batch: 3 cost 3.0461
2024-06-23 23:56:22 [INFO] - Function [hamming], Batch: 4 cost 3.0580
2024-06-23 23:56:22 [INFO] - Avg. [3.0718]
2024-06-23 23:56:22 [INFO] - Function [hamming_method], Batch: 0 cost 15.5370
