2024-06-24 00:09:40 [INFO] - FUNCTION TIMER - Function [gen_data] Took 3.3585 sec
2024-06-24 00:09:40 [INFO] - Gen Data Shape: (6000000, 6)
2024-06-24 00:09:40 [INFO] - Feature: ['Part', 'Reticle', 'Prev1Reticle', 'Tool', 'Prev1Tool', 'Prev2Tool']
2024-06-24 00:09:45 [INFO] - df_data_le Shape: (6000000, 6)
2024-06-24 00:09:45 [INFO] - onehot_data Shape: (6000000, 400)
2024-06-24 00:09:46 [INFO] - Batch 0: 0~200000
2024-06-24 00:10:36 [INFO] - FUNCTION TIMER - Function [manhattan] Took 49.9832 sec
2024-06-24 00:10:36 [INFO] - Batch 1: 200000~400000
2024-06-24 00:11:25 [INFO] - FUNCTION TIMER - Function [manhattan] Took 49.6813 sec
2024-06-24 00:11:25 [INFO] - Batch 2: 400000~600000
2024-06-24 00:12:15 [INFO] - FUNCTION TIMER - Function [manhattan] Took 49.4283 sec
2024-06-24 00:12:15 [INFO] - Batch 3: 600000~800000
2024-06-24 00:13:04 [INFO] - FUNCTION TIMER - Function [manhattan] Took 49.4841 sec
2024-06-24 00:13:04 [INFO] - Batch 4: 800000~1000000
2024-06-24 00:13:54 [INFO] - FUNCTION TIMER - Function [manhattan] Took 49.8605 sec
2024-06-24 00:13:55 [INFO] - FUNCTION TIMER - Function [manhattan_method] Took 248.9213 sec
2024-06-24 00:14:02 [INFO] - Batch 0: 0~200000
2024-06-24 00:14:05 [INFO] - FUNCTION TIMER - Function [hamming] Took 3.1448 sec
2024-06-24 00:14:05 [INFO] - Batch 1: 200000~400000
2024-06-24 00:14:08 [INFO] - FUNCTION TIMER - Function [hamming] Took 3.0128 sec
2024-06-24 00:14:08 [INFO] - Batch 2: 400000~600000
2024-06-24 00:14:11 [INFO] - FUNCTION TIMER - Function [hamming] Took 3.0059 sec
2024-06-24 00:14:11 [INFO] - Batch 3: 600000~800000
2024-06-24 00:14:14 [INFO] - FUNCTION TIMER - Function [hamming] Took 3.0106 sec
2024-06-24 00:14:14 [INFO] - Batch 4: 800000~1000000
2024-06-24 00:14:17 [INFO] - FUNCTION TIMER - Function [hamming] Took 3.0081 sec
2024-06-24 00:14:17 [INFO] - FUNCTION TIMER - Function [hamming_method] Took 15.2398 sec
2024-06-24 00:14:17 [INFO] - ===== Cost Time =====
2024-06-24 00:14:17 [INFO] - Function [gen_data], Batch: 0 cost 3.3585
2024-06-24 00:14:17 [INFO] - Function [manhattan], Batch: 0 cost 49.9832
2024-06-24 00:14:17 [INFO] - Function [manhattan], Batch: 1 cost 49.6813
2024-06-24 00:14:17 [INFO] - Function [manhattan], Batch: 2 cost 49.4283
2024-06-24 00:14:17 [INFO] - Function [manhattan], Batch: 3 cost 49.4841
2024-06-24 00:14:17 [INFO] - Function [manhattan], Batch: 4 cost 49.8605
2024-06-24 00:14:17 [INFO] - Avg. [49.5313]
2024-06-24 00:14:17 [INFO] - Function [manhattan_method], Batch: 0 cost 248.9213
2024-06-24 00:14:17 [INFO] - Function [hamming], Batch: 0 cost 3.1448
2024-06-24 00:14:17 [INFO] - Function [hamming], Batch: 1 cost 3.0128
2024-06-24 00:14:17 [INFO] - Function [hamming], Batch: 2 cost 3.0059
2024-06-24 00:14:17 [INFO] - Function [hamming], Batch: 3 cost 3.0106
2024-06-24 00:14:17 [INFO] - Function [hamming], Batch: 4 cost 3.0081
2024-06-24 00:14:17 [INFO] - Avg. [3.0098]
2024-06-24 00:14:17 [INFO] - Function [hamming_method], Batch: 0 cost 15.2398
