2024-06-23 23:40:44 [INFO] - FUNCTION TIMER - Function [gen_data] Took 0.0650 sec
2024-06-23 23:40:44 [INFO] - Gen Data Shape: (160000, 6)
2024-06-23 23:40:44 [INFO] - Feature: ['Part', 'Reticle', 'Prev1Reticle', 'Tool', 'Prev1Tool', 'Prev2Tool']
2024-06-23 23:40:49 [INFO] - df_data_le Shape: (6000000, 6)
2024-06-23 23:40:49 [INFO] - onehot_data Shape: (6000000, 120)
2024-06-23 23:40:49 [INFO] - Batch 0: 0~200000
2024-06-23 23:41:04 [INFO] - FUNCTION TIMER - Function [manhattan] Took 15.6609 sec
2024-06-23 23:41:04 [INFO] - Batch 1: 200000~400000
2024-06-23 23:41:20 [INFO] - FUNCTION TIMER - Function [manhattan] Took 15.7974 sec
2024-06-23 23:41:20 [INFO] - Batch 2: 400000~600000
2024-06-23 23:41:36 [INFO] - FUNCTION TIMER - Function [manhattan] Took 15.9745 sec
2024-06-23 23:41:36 [INFO] - Batch 3: 600000~800000
2024-06-23 23:41:52 [INFO] - FUNCTION TIMER - Function [manhattan] Took 15.8758 sec
2024-06-23 23:41:52 [INFO] - Batch 4: 800000~1000000
2024-06-23 23:42:08 [INFO] - FUNCTION TIMER - Function [manhattan] Took 15.8048 sec
2024-06-23 23:42:08 [INFO] - FUNCTION TIMER - Function [manhattan_method] Took 79.5768 sec
2024-06-23 23:42:15 [INFO] - Batch 0: 0~200000
2024-06-23 23:42:18 [INFO] - FUNCTION TIMER - Function [hamming] Took 2.9632 sec
2024-06-23 23:42:18 [INFO] - Batch 1: 200000~400000
2024-06-23 23:42:21 [INFO] - FUNCTION TIMER - Function [hamming] Took 2.9127 sec
2024-06-23 23:42:21 [INFO] - Batch 2: 400000~600000
2024-06-23 23:42:24 [INFO] - FUNCTION TIMER - Function [hamming] Took 2.9183 sec
2024-06-23 23:42:24 [INFO] - Batch 3: 600000~800000
2024-06-23 23:42:27 [INFO] - FUNCTION TIMER - Function [hamming] Took 2.9230 sec
2024-06-23 23:42:27 [INFO] - Batch 4: 800000~1000000
2024-06-23 23:42:30 [INFO] - FUNCTION TIMER - Function [hamming] Took 2.9261 sec
2024-06-23 23:42:30 [INFO] - FUNCTION TIMER - Function [hamming_method] Took 14.7067 sec
2024-06-23 23:42:30 [INFO] - ===== Cost Time =====
2024-06-23 23:42:30 [INFO] - Function [gen_data], Batch: 0 cost 0.0650
2024-06-23 23:42:30 [INFO] - Function [manhattan], Batch: 0 cost 15.6609
2024-06-23 23:42:30 [INFO] - Function [manhattan], Batch: 1 cost 15.7974
2024-06-23 23:42:30 [INFO] - Function [manhattan], Batch: 2 cost 15.9745
2024-06-23 23:42:30 [INFO] - Function [manhattan], Batch: 3 cost 15.8758
2024-06-23 23:42:30 [INFO] - Function [manhattan], Batch: 4 cost 15.8048
2024-06-23 23:42:30 [INFO] - Avg. [15.8826]
2024-06-23 23:42:30 [INFO] - Function [manhattan_method], Batch: 0 cost 79.5768
2024-06-23 23:42:30 [INFO] - Function [hamming], Batch: 0 cost 2.9632
2024-06-23 23:42:30 [INFO] - Function [hamming], Batch: 1 cost 2.9127
2024-06-23 23:42:30 [INFO] - Function [hamming], Batch: 2 cost 2.9183
2024-06-23 23:42:30 [INFO] - Function [hamming], Batch: 3 cost 2.9230
2024-06-23 23:42:30 [INFO] - Function [hamming], Batch: 4 cost 2.9261
2024-06-23 23:42:30 [INFO] - Avg. [2.9180]
2024-06-23 23:42:30 [INFO] - Function [hamming_method], Batch: 0 cost 14.7067
