2024-06-23 23:47:17 [INFO] - FUNCTION TIMER - Function [gen_data] Took 0.2162 sec
2024-06-23 23:47:17 [INFO] - Gen Data Shape: (6000000, 6)
2024-06-23 23:47:17 [INFO] - Feature: ['Part', 'Reticle', 'Prev1Reticle', 'Tool', 'Prev1Tool', 'Prev2Tool']
2024-06-23 23:47:21 [INFO] - df_data_le Shape: (6000000, 6)
2024-06-23 23:47:21 [INFO] - onehot_data Shape: (6000000, 160)
2024-06-23 23:47:21 [INFO] - Batch 0: 0~200000
2024-06-23 23:47:42 [INFO] - FUNCTION TIMER - Function [manhattan] Took 20.8942 sec
2024-06-23 23:47:42 [INFO] - Batch 1: 200000~400000
2024-06-23 23:48:03 [INFO] - FUNCTION TIMER - Function [manhattan] Took 21.0488 sec
2024-06-23 23:48:03 [INFO] - Batch 2: 400000~600000
2024-06-23 23:48:24 [INFO] - FUNCTION TIMER - Function [manhattan] Took 20.9473 sec
2024-06-23 23:48:24 [INFO] - Batch 3: 600000~800000
2024-06-23 23:48:45 [INFO] - FUNCTION TIMER - Function [manhattan] Took 20.9168 sec
2024-06-23 23:48:45 [INFO] - Batch 4: 800000~1000000
2024-06-23 23:49:06 [INFO] - FUNCTION TIMER - Function [manhattan] Took 20.8929 sec
2024-06-23 23:49:07 [INFO] - FUNCTION TIMER - Function [manhattan_method] Took 105.1280 sec
2024-06-23 23:49:14 [INFO] - Batch 0: 0~200000
2024-06-23 23:49:16 [INFO] - FUNCTION TIMER - Function [hamming] Took 2.9506 sec
2024-06-23 23:49:16 [INFO] - Batch 1: 200000~400000
2024-06-23 23:49:19 [INFO] - FUNCTION TIMER - Function [hamming] Took 2.8909 sec
2024-06-23 23:49:19 [INFO] - Batch 2: 400000~600000
2024-06-23 23:49:22 [INFO] - FUNCTION TIMER - Function [hamming] Took 2.9495 sec
2024-06-23 23:49:22 [INFO] - Batch 3: 600000~800000
2024-06-23 23:49:25 [INFO] - FUNCTION TIMER - Function [hamming] Took 2.9870 sec
2024-06-23 23:49:25 [INFO] - Batch 4: 800000~1000000
2024-06-23 23:49:28 [INFO] - FUNCTION TIMER - Function [hamming] Took 2.9179 sec
2024-06-23 23:49:28 [INFO] - FUNCTION TIMER - Function [hamming_method] Took 14.7564 sec
2024-06-23 23:49:28 [INFO] - ===== Cost Time =====
2024-06-23 23:49:28 [INFO] - Function [gen_data], Batch: 0 cost 0.2162
2024-06-23 23:49:28 [INFO] - Function [manhattan], Batch: 0 cost 20.8942
2024-06-23 23:49:28 [INFO] - Function [manhattan], Batch: 1 cost 21.0488
2024-06-23 23:49:28 [INFO] - Function [manhattan], Batch: 2 cost 20.9473
2024-06-23 23:49:28 [INFO] - Function [manhattan], Batch: 3 cost 20.9168
2024-06-23 23:49:28 [INFO] - Function [manhattan], Batch: 4 cost 20.8929
2024-06-23 23:49:28 [INFO] - Avg. [20.9710]
2024-06-23 23:49:28 [INFO] - Function [manhattan_method], Batch: 0 cost 105.1280
2024-06-23 23:49:28 [INFO] - Function [hamming], Batch: 0 cost 2.9506
2024-06-23 23:49:28 [INFO] - Function [hamming], Batch: 1 cost 2.8909
2024-06-23 23:49:28 [INFO] - Function [hamming], Batch: 2 cost 2.9495
2024-06-23 23:49:28 [INFO] - Function [hamming], Batch: 3 cost 2.9870
2024-06-23 23:49:28 [INFO] - Function [hamming], Batch: 4 cost 2.9179
2024-06-23 23:49:28 [INFO] - Avg. [2.9425]
2024-06-23 23:49:28 [INFO] - Function [hamming_method], Batch: 0 cost 14.7564
